# JRE version: OpenJDK Runtime Environment (8.0_152) (build 1.8.0_152-release-1343-b16-5323222)
# Java VM: OpenJDK 64-Bit Server VM (25.152-b16-5323222 mixed mode linux-amd64 compressed oops)
Heap:
 PSYoungGen      total 232960K, used 0K [0x00000000e0000000, 0x00000000ff100000, 0x0000000100000000)
  eden space 207872K, 0% used [0x00000000e0000000,0x00000000e0000000,0x00000000ecb00000)
  from space 25088K, 0% used [0x00000000ecb00000,0x00000000ecb00000,0x00000000ee380000)
  to   space 150528K, 0% used [0x00000000f5e00000,0x00000000f5e00000,0x00000000ff100000)
 ParOldGen       total 769536K, used 370767K [0x00000000a0000000, 0x00000000cef80000, 0x00000000e0000000)
  object space 769536K, 48% used [0x00000000a0000000,0x00000000b6a13fd0,0x00000000cef80000)
 Metaspace       used 164396K, capacity 177084K, committed 192432K, reserved 1214464K
  class space    used 20834K, capacity 23031K, committed 26800K, reserved 1048576K
GC Heap History (10 events):
Event: 12085.969 GC heap after
Heap after GC invocations=404 (full 25):
 PSYoungGen      total 378368K, used 24278K [0x00000000e0000000, 0x0000000100000000, 0x0000000100000000)
  eden space 232448K, 0% used [0x00000000e0000000,0x00000000e0000000,0x00000000ee300000)
  from space 145920K, 16% used [0x00000000ee300000,0x00000000efab5938,0x00000000f7180000)
  to   space 140800K, 0% used [0x00000000f7680000,0x00000000f7680000,0x0000000100000000)
 ParOldGen       total 769536K, used 464812K [0x00000000a0000000, 0x00000000cef80000, 0x00000000e0000000)
  object space 769536K, 60% used [0x00000000a0000000,0x00000000bc5eb058,0x00000000cef80000)
 Metaspace       used 164375K, capacity 177084K, committed 192432K, reserved 1214464K
  class space    used 20834K, capacity 23031K, committed 26800K, reserved 1048576K
}
Event: 12087.784 GC heap before
{Heap before GC invocations=405 (full 25):
 PSYoungGen      total 378368K, used 256726K [0x00000000e0000000, 0x0000000100000000, 0x0000000100000000)
  eden space 232448K, 100% used [0x00000000e0000000,0x00000000ee300000,0x00000000ee300000)
  from space 145920K, 16% used [0x00000000ee300000,0x00000000efab5938,0x00000000f7180000)
  to   space 140800K, 0% used [0x00000000f7680000,0x00000000f7680000,0x0000000100000000)
 ParOldGen       total 769536K, used 464812K [0x00000000a0000000, 0x00000000cef80000, 0x00000000e0000000)
  object space 769536K, 60% used [0x00000000a0000000,0x00000000bc5eb058,0x00000000cef80000)
 Metaspace       used 164375K, capacity 177084K, committed 192432K, reserved 1214464K
  class space    used 20834K, capacity 23031K, committed 26800K, reserved 1048576K
Event: 12087.870 GC heap after
Heap after GC invocations=405 (full 25):
 PSYoungGen      total 364032K, used 99006K [0x00000000e0000000, 0x0000000100000000, 0x0000000100000000)
  eden space 223232K, 0% used [0x00000000e0000000,0x00000000e0000000,0x00000000eda00000)
  from space 140800K, 70% used [0x00000000f7680000,0x00000000fd72f960,0x0000000100000000)
  to   space 150528K, 0% used [0x00000000eda00000,0x00000000eda00000,0x00000000f6d00000)
 ParOldGen       total 769536K, used 467132K [0x00000000a0000000, 0x00000000cef80000, 0x00000000e0000000)
  object space 769536K, 60% used [0x00000000a0000000,0x00000000bc82f058,0x00000000cef80000)
 Metaspace       used 164375K, capacity 177084K, committed 192432K, reserved 1214464K
  class space    used 20834K, capacity 23031K, committed 26800K, reserved 1048576K
}
Event: 12088.427 GC heap before
{Heap before GC invocations=406 (full 25):
 PSYoungGen      total 364032K, used 322238K [0x00000000e0000000, 0x0000000100000000, 0x0000000100000000)
  eden space 223232K, 100% used [0x00000000e0000000,0x00000000eda00000,0x00000000eda00000)
  from space 140800K, 70% used [0x00000000f7680000,0x00000000fd72f960,0x0000000100000000)
  to   space 150528K, 0% used [0x00000000eda00000,0x00000000eda00000,0x00000000f6d00000)
 ParOldGen       total 769536K, used 467132K [0x00000000a0000000, 0x00000000cef80000, 0x00000000e0000000)
  object space 769536K, 60% used [0x00000000a0000000,0x00000000bc82f058,0x00000000cef80000)
 Metaspace       used 164396K, capacity 177084K, committed 192432K, reserved 1214464K
  class space    used 20834K, capacity 23031K, committed 26800K, reserved 1048576K
Event: 12088.651 GC heap after
Heap after GC invocations=406 (full 25):
 PSYoungGen      total 332800K, used 109262K [0x00000000e0000000, 0x0000000100000000, 0x0000000100000000)
  eden space 223232K, 0% used [0x00000000e0000000,0x00000000e0000000,0x00000000eda00000)
  from space 109568K, 99% used [0x00000000eda00000,0x00000000f44b39b8,0x00000000f4500000)
  to   space 161792K, 0% used [0x00000000f6200000,0x00000000f6200000,0x0000000100000000)
 ParOldGen       total 769536K, used 533914K [0x00000000a0000000, 0x00000000cef80000, 0x00000000e0000000)
  object space 769536K, 69% used [0x00000000a0000000,0x00000000c0966bb0,0x00000000cef80000)
 Metaspace       used 164396K, capacity 177084K, committed 192432K, reserved 1214464K
  class space    used 20834K, capacity 23031K, committed 26800K, reserved 1048576K
}
Event: 12089.936 GC heap before
{Heap before GC invocations=407 (full 25):
 PSYoungGen      total 332800K, used 332494K [0x00000000e0000000, 0x0000000100000000, 0x0000000100000000)
  eden space 223232K, 100% used [0x00000000e0000000,0x00000000eda00000,0x00000000eda00000)
  from space 109568K, 99% used [0x00000000eda00000,0x00000000f44b39b8,0x00000000f4500000)
  to   space 161792K, 0% used [0x00000000f6200000,0x00000000f6200000,0x0000000100000000)
 ParOldGen       total 769536K, used 533914K [0x00000000a0000000, 0x00000000cef80000, 0x00000000e0000000)
  object space 769536K, 69% used [0x00000000a0000000,0x00000000c0966bb0,0x00000000cef80000)
 Metaspace       used 164396K, capacity 177084K, committed 192432K, reserved 1214464K
  class space    used 20834K, capacity 23031K, committed 26800K, reserved 1048576K
Event: 12090.077 GC heap after
Heap after GC invocations=407 (full 25):
 PSYoungGen      total 369664K, used 38280K [0x00000000e0000000, 0x0000000100000000, 0x0000000100000000)
  eden space 207872K, 0% used [0x00000000e0000000,0x00000000e0000000,0x00000000ecb00000)
  from space 161792K, 23% used [0x00000000f6200000,0x00000000f87621b0,0x0000000100000000)
  to   space 154624K, 0% used [0x00000000ecb00000,0x00000000ecb00000,0x00000000f6200000)
 ParOldGen       total 769536K, used 627012K [0x00000000a0000000, 0x00000000cef80000, 0x00000000e0000000)
  object space 769536K, 81% used [0x00000000a0000000,0x00000000c6451270,0x00000000cef80000)
 Metaspace       used 164396K, capacity 177084K, committed 192432K, reserved 1214464K
  class space    used 20834K, capacity 23031K, committed 26800K, reserved 1048576K
}
Event: 12090.272 GC heap before
{Heap before GC invocations=408 (full 25):
 PSYoungGen      total 369664K, used 246152K [0x00000000e0000000, 0x0000000100000000, 0x0000000100000000)
  eden space 207872K, 100% used [0x00000000e0000000,0x00000000ecb00000,0x00000000ecb00000)
  from space 161792K, 23% used [0x00000000f6200000,0x00000000f87621b0,0x0000000100000000)
  to   space 154624K, 0% used [0x00000000ecb00000,0x00000000ecb00000,0x00000000f6200000)
 ParOldGen       total 769536K, used 627012K [0x00000000a0000000, 0x00000000cef80000, 0x00000000e0000000)
  object space 769536K, 81% used [0x00000000a0000000,0x00000000c6451270,0x00000000cef80000)
 Metaspace       used 164396K, capacity 177084K, committed 192432K, reserved 1214464K
  class space    used 20834K, capacity 23031K, committed 26800K, reserved 1048576K
Event: 12090.301 GC heap after
Heap after GC invocations=408 (full 25):
 PSYoungGen      total 232960K, used 24959K [0x00000000e0000000, 0x00000000ff100000, 0x0000000100000000)
  eden space 207872K, 0% used [0x00000000e0000000,0x00000000e0000000,0x00000000ecb00000)
  from space 25088K, 99% used [0x00000000ecb00000,0x00000000ee35ff40,0x00000000ee380000)
  to   space 150528K, 0% used [0x00000000f5e00000,0x00000000f5e00000,0x00000000ff100000)
 ParOldGen       total 769536K, used 663695K [0x00000000a0000000, 0x00000000cef80000, 0x00000000e0000000)
  object space 769536K, 86% used [0x00000000a0000000,0x00000000c8823c78,0x00000000cef80000)
 Metaspace       used 164396K, capacity 177084K, committed 192432K, reserved 1214464K
  class space    used 20834K, capacity 23031K, committed 26800K, reserved 1048576K
}
Event: 12090.303 GC heap before
{Heap before GC invocations=409 (full 26):
 PSYoungGen      total 232960K, used 24959K [0x00000000e0000000, 0x00000000ff100000, 0x0000000100000000)
  eden space 207872K, 0% used [0x00000000e0000000,0x00000000e0000000,0x00000000ecb00000)
  from space 25088K, 99% used [0x00000000ecb00000,0x00000000ee35ff40,0x00000000ee380000)
  to   space 150528K, 0% used [0x00000000f5e00000,0x00000000f5e00000,0x00000000ff100000)
 ParOldGen       total 769536K, used 663695K [0x00000000a0000000, 0x00000000cef80000, 0x00000000e0000000)
  object space 769536K, 86% used [0x00000000a0000000,0x00000000c8823c78,0x00000000cef80000)
 Metaspace       used 164396K, capacity 177084K, committed 192432K, reserved 1214464K
  class space    used 20834K, capacity 23031K, committed 26800K, reserved 1048576K

