# JRE version: OpenJDK Runtime Environment (8.0_202) (build 1.8.0_202-release-1483-b49-5587405)
# Java VM: OpenJDK 64-Bit Server VM (25.202-b49-5587405 mixed mode linux-amd64 compressed oops)
Heap:
 PSYoungGen      total 395776K, used 0K [0x00000000e0000000, 0x0000000100000000, 0x0000000100000000)
  eden space 263168K, 0% used [0x00000000e0000000,0x00000000e0000000,0x00000000f0100000)
  from space 132608K, 0% used [0x00000000f7e80000,0x00000000f7e80000,0x0000000100000000)
  to   space 128512K, 0% used [0x00000000f0100000,0x00000000f0100000,0x00000000f7e80000)
 ParOldGen       total 614912K, used 386329K [0x00000000a0000000, 0x00000000c5880000, 0x00000000e0000000)
  object space 614912K, 62% used [0x00000000a0000000,0x00000000b7946670,0x00000000c5880000)
 Metaspace       used 143945K, capacity 152754K, committed 153112K, reserved 1181696K
  class space    used 18567K, capacity 20350K, committed 20528K, reserved 1048576K
GC Heap History (10 events):
Event: 1950.230 GC heap after
Heap after GC invocations=70 (full 6):
 PSYoungGen      total 386560K, used 2834K [0x00000000e0000000, 0x00000000ff100000, 0x0000000100000000)
  eden space 274432K, 0% used [0x00000000e0000000,0x00000000e0000000,0x00000000f0c00000)
  from space 112128K, 2% used [0x00000000f8380000,0x00000000f86449b0,0x00000000ff100000)
  to   space 117248K, 0% used [0x00000000f0c00000,0x00000000f0c00000,0x00000000f7e80000)
 ParOldGen       total 614912K, used 417565K [0x00000000a0000000, 0x00000000c5880000, 0x00000000e0000000)
  object space 614912K, 67% used [0x00000000a0000000,0x00000000b97c7758,0x00000000c5880000)
 Metaspace       used 133377K, capacity 141650K, committed 141848K, reserved 1171456K
  class space    used 17169K, capacity 18844K, committed 18992K, reserved 1048576K
}
Event: 1955.910 GC heap before
{Heap before GC invocations=71 (full 6):
 PSYoungGen      total 386560K, used 272170K [0x00000000e0000000, 0x00000000ff100000, 0x0000000100000000)
  eden space 274432K, 98% used [0x00000000e0000000,0x00000000f0706168,0x00000000f0c00000)
  from space 112128K, 2% used [0x00000000f8380000,0x00000000f86449b0,0x00000000ff100000)
  to   space 117248K, 0% used [0x00000000f0c00000,0x00000000f0c00000,0x00000000f7e80000)
 ParOldGen       total 614912K, used 417565K [0x00000000a0000000, 0x00000000c5880000, 0x00000000e0000000)
  object space 614912K, 67% used [0x00000000a0000000,0x00000000b97c7758,0x00000000c5880000)
 Metaspace       used 133842K, capacity 142218K, committed 142360K, reserved 1173504K
  class space    used 17207K, capacity 18886K, committed 18992K, reserved 1048576K
Event: 1955.938 GC heap after
Heap after GC invocations=71 (full 6):
 PSYoungGen      total 391680K, used 39816K [0x00000000e0000000, 0x00000000ffc00000, 0x0000000100000000)
  eden space 274432K, 0% used [0x00000000e0000000,0x00000000e0000000,0x00000000f0c00000)
  from space 117248K, 33% used [0x00000000f0c00000,0x00000000f32e2260,0x00000000f7e80000)
  to   space 112640K, 0% used [0x00000000f8e00000,0x00000000f8e00000,0x00000000ffc00000)
 ParOldGen       total 614912K, used 420007K [0x00000000a0000000, 0x00000000c5880000, 0x00000000e0000000)
  object space 614912K, 68% used [0x00000000a0000000,0x00000000b9a29ea0,0x00000000c5880000)
 Metaspace       used 133842K, capacity 142218K, committed 142360K, reserved 1173504K
  class space    used 17207K, capacity 18886K, committed 18992K, reserved 1048576K
}
Event: 1957.122 GC heap before
{Heap before GC invocations=72 (full 6):
 PSYoungGen      total 391680K, used 314248K [0x00000000e0000000, 0x00000000ffc00000, 0x0000000100000000)
  eden space 274432K, 100% used [0x00000000e0000000,0x00000000f0c00000,0x00000000f0c00000)
  from space 117248K, 33% used [0x00000000f0c00000,0x00000000f32e2260,0x00000000f7e80000)
  to   space 112640K, 0% used [0x00000000f8e00000,0x00000000f8e00000,0x00000000ffc00000)
 ParOldGen       total 614912K, used 420007K [0x00000000a0000000, 0x00000000c5880000, 0x00000000e0000000)
  object space 614912K, 68% used [0x00000000a0000000,0x00000000b9a29ea0,0x00000000c5880000)
 Metaspace       used 136145K, capacity 144522K, committed 144664K, reserved 1175552K
  class space    used 17477K, capacity 19182K, committed 19248K, reserved 1048576K
Event: 1957.220 GC heap after
Heap after GC invocations=72 (full 6):
 PSYoungGen      total 401408K, used 66245K [0x00000000e0000000, 0x0000000100000000, 0x0000000100000000)
  eden space 288768K, 0% used [0x00000000e0000000,0x00000000e0000000,0x00000000f1a00000)
  from space 112640K, 58% used [0x00000000f8e00000,0x00000000fceb1420,0x00000000ffc00000)
  to   space 117760K, 0% used [0x00000000f1a00000,0x00000000f1a00000,0x00000000f8d00000)
 ParOldGen       total 614912K, used 455112K [0x00000000a0000000, 0x00000000c5880000, 0x00000000e0000000)
  object space 614912K, 74% used [0x00000000a0000000,0x00000000bbc72390,0x00000000c5880000)
 Metaspace       used 136145K, capacity 144522K, committed 144664K, reserved 1175552K
  class space    used 17477K, capacity 19182K, committed 19248K, reserved 1048576K
}
Event: 1958.816 GC heap before
{Heap before GC invocations=73 (full 6):
 PSYoungGen      total 401408K, used 355013K [0x00000000e0000000, 0x0000000100000000, 0x0000000100000000)
  eden space 288768K, 100% used [0x00000000e0000000,0x00000000f1a00000,0x00000000f1a00000)
  from space 112640K, 58% used [0x00000000f8e00000,0x00000000fceb1420,0x00000000ffc00000)
  to   space 117760K, 0% used [0x00000000f1a00000,0x00000000f1a00000,0x00000000f8d00000)
 ParOldGen       total 614912K, used 455112K [0x00000000a0000000, 0x00000000c5880000, 0x00000000e0000000)
  object space 614912K, 74% used [0x00000000a0000000,0x00000000bbc72390,0x00000000c5880000)
 Metaspace       used 143900K, capacity 152754K, committed 153112K, reserved 1181696K
  class space    used 18567K, capacity 20350K, committed 20528K, reserved 1048576K
Event: 1958.928 GC heap after
Heap after GC invocations=73 (full 6):
 PSYoungGen      total 385024K, used 96007K [0x00000000e0000000, 0x0000000100000000, 0x0000000100000000)
  eden space 288768K, 0% used [0x00000000e0000000,0x00000000e0000000,0x00000000f1a00000)
  from space 96256K, 99% used [0x00000000f1a00000,0x00000000f77c1c30,0x00000000f7800000)
  to   space 132608K, 0% used [0x00000000f7e80000,0x00000000f7e80000,0x0000000100000000)
 ParOldGen       total 614912K, used 515662K [0x00000000a0000000, 0x00000000c5880000, 0x00000000e0000000)
  object space 614912K, 83% used [0x00000000a0000000,0x00000000bf793880,0x00000000c5880000)
 Metaspace       used 143900K, capacity 152754K, committed 153112K, reserved 1181696K
  class space    used 18567K, capacity 20350K, committed 20528K, reserved 1048576K
}
Event: 1960.647 GC heap before
{Heap before GC invocations=74 (full 6):
 PSYoungGen      total 385024K, used 384775K [0x00000000e0000000, 0x0000000100000000, 0x0000000100000000)
  eden space 288768K, 100% used [0x00000000e0000000,0x00000000f1a00000,0x00000000f1a00000)
  from space 96256K, 99% used [0x00000000f1a00000,0x00000000f77c1c30,0x00000000f7800000)
  to   space 132608K, 0% used [0x00000000f7e80000,0x00000000f7e80000,0x0000000100000000)
 ParOldGen       total 614912K, used 515662K [0x00000000a0000000, 0x00000000c5880000, 0x00000000e0000000)
  object space 614912K, 83% used [0x00000000a0000000,0x00000000bf793880,0x00000000c5880000)
 Metaspace       used 143945K, capacity 152754K, committed 153112K, reserved 1181696K
  class space    used 18567K, capacity 20350K, committed 20528K, reserved 1048576K
Event: 1960.782 GC heap after
Heap after GC invocations=74 (full 6):
 PSYoungGen      total 395776K, used 53696K [0x00000000e0000000, 0x0000000100000000, 0x0000000100000000)
  eden space 263168K, 0% used [0x00000000e0000000,0x00000000e0000000,0x00000000f0100000)
  from space 132608K, 40% used [0x00000000f7e80000,0x00000000fb2f0160,0x0000000100000000)
  to   space 128512K, 0% used [0x00000000f0100000,0x00000000f0100000,0x00000000f7e80000)
 ParOldGen       total 614912K, used 604904K [0x00000000a0000000, 0x00000000c5880000, 0x00000000e0000000)
  object space 614912K, 98% used [0x00000000a0000000,0x00000000c4eba238,0x00000000c5880000)
 Metaspace       used 143945K, capacity 152754K, committed 153112K, reserved 1181696K
  class space    used 18567K, capacity 20350K, committed 20528K, reserved 1048576K
}
Event: 1960.796 GC heap before
{Heap before GC invocations=75 (full 7):
 PSYoungGen      total 395776K, used 53696K [0x00000000e0000000, 0x0000000100000000, 0x0000000100000000)
  eden space 263168K, 0% used [0x00000000e0000000,0x00000000e0000000,0x00000000f0100000)
  from space 132608K, 40% used [0x00000000f7e80000,0x00000000fb2f0160,0x0000000100000000)
  to   space 128512K, 0% used [0x00000000f0100000,0x00000000f0100000,0x00000000f7e80000)
 ParOldGen       total 614912K, used 604904K [0x00000000a0000000, 0x00000000c5880000, 0x00000000e0000000)
  object space 614912K, 98% used [0x00000000a0000000,0x00000000c4eba238,0x00000000c5880000)
 Metaspace       used 143945K, capacity 152754K, committed 153112K, reserved 1181696K
  class space    used 18567K, capacity 20350K, committed 20528K, reserved 1048576K

