# JRE version: OpenJDK Runtime Environment (8.0_202) (build 1.8.0_202-release-1483-b49-5587405)
# Java VM: OpenJDK 64-Bit Server VM (25.202-b49-5587405 mixed mode linux-amd64 compressed oops)
Heap:
 PSYoungGen      total 285184K, used 43044K [0x00000000e0000000, 0x0000000100000000, 0x0000000100000000)
  eden space 194560K, 0% used [0x00000000e0000000,0x00000000e0000000,0x00000000ebe00000)
  from space 90624K, 47% used [0x00000000fa780000,0x00000000fd189080,0x0000000100000000)
  to   space 164864K, 0% used [0x00000000ebe00000,0x00000000ebe00000,0x00000000f5f00000)
 ParOldGen       total 290304K, used 289826K [0x00000000a0000000, 0x00000000b1b80000, 0x00000000e0000000)
  object space 290304K, 99% used [0x00000000a0000000,0x00000000b1b08a80,0x00000000b1b80000)
 Metaspace       used 109636K, capacity 116046K, committed 116120K, reserved 1148928K
  class space    used 14400K, capacity 15752K, committed 15792K, reserved 1048576K
GC Heap History (10 events):
Event: 849.771 GC heap after
Heap after GC invocations=24 (full 4):
 PSYoungGen      total 435200K, used 24243K [0x00000000e0000000, 0x00000000ff580000, 0x0000000100000000)
  eden space 366080K, 0% used [0x00000000e0000000,0x00000000e0000000,0x00000000f6580000)
  from space 69120K, 35% used [0x00000000fb200000,0x00000000fc9acee0,0x00000000ff580000)
  to   space 73728K, 0% used [0x00000000f6580000,0x00000000f6580000,0x00000000fad80000)
 ParOldGen       total 290304K, used 131617K [0x00000000a0000000, 0x00000000b1b80000, 0x00000000e0000000)
  object space 290304K, 45% used [0x00000000a0000000,0x00000000a8088430,0x00000000b1b80000)
 Metaspace       used 91157K, capacity 96760K, committed 97048K, reserved 1132544K
  class space    used 12059K, capacity 13311K, committed 13360K, reserved 1048576K
}
Event: 852.120 GC heap before
{Heap before GC invocations=25 (full 4):
 PSYoungGen      total 435200K, used 390323K [0x00000000e0000000, 0x00000000ff580000, 0x0000000100000000)
  eden space 366080K, 100% used [0x00000000e0000000,0x00000000f6580000,0x00000000f6580000)
  from space 69120K, 35% used [0x00000000fb200000,0x00000000fc9acee0,0x00000000ff580000)
  to   space 73728K, 0% used [0x00000000f6580000,0x00000000f6580000,0x00000000fad80000)
 ParOldGen       total 290304K, used 131617K [0x00000000a0000000, 0x00000000b1b80000, 0x00000000e0000000)
  object space 290304K, 45% used [0x00000000a0000000,0x00000000a8088430,0x00000000b1b80000)
 Metaspace       used 91285K, capacity 97030K, committed 97304K, reserved 1132544K
  class space    used 12071K, capacity 13334K, committed 13360K, reserved 1048576K
Event: 852.192 GC heap after
Heap after GC invocations=25 (full 4):
 PSYoungGen      total 439808K, used 69933K [0x00000000e0000000, 0x0000000100000000, 0x0000000100000000)
  eden space 366080K, 0% used [0x00000000e0000000,0x00000000e0000000,0x00000000f6580000)
  from space 73728K, 94% used [0x00000000f6580000,0x00000000fa9cb518,0x00000000fad80000)
  to   space 83968K, 0% used [0x00000000fae00000,0x00000000fae00000,0x0000000100000000)
 ParOldGen       total 290304K, used 131625K [0x00000000a0000000, 0x00000000b1b80000, 0x00000000e0000000)
  object space 290304K, 45% used [0x00000000a0000000,0x00000000a808a430,0x00000000b1b80000)
 Metaspace       used 91285K, capacity 97030K, committed 97304K, reserved 1132544K
  class space    used 12071K, capacity 13334K, committed 13360K, reserved 1048576K
}
Event: 868.696 GC heap before
{Heap before GC invocations=26 (full 4):
 PSYoungGen      total 439808K, used 435606K [0x00000000e0000000, 0x0000000100000000, 0x0000000100000000)
  eden space 366080K, 99% used [0x00000000e0000000,0x00000000f651a4d8,0x00000000f6580000)
  from space 73728K, 94% used [0x00000000f6580000,0x00000000fa9cb518,0x00000000fad80000)
  to   space 83968K, 0% used [0x00000000fae00000,0x00000000fae00000,0x0000000100000000)
 ParOldGen       total 290304K, used 131625K [0x00000000a0000000, 0x00000000b1b80000, 0x00000000e0000000)
  object space 290304K, 45% used [0x00000000a0000000,0x00000000a808a430,0x00000000b1b80000)
 Metaspace       used 97983K, capacity 103846K, committed 104088K, reserved 1138688K
  class space    used 12929K, capacity 14184K, committed 14256K, reserved 1048576K
Event: 868.783 GC heap after
Heap after GC invocations=26 (full 4):
 PSYoungGen      total 427008K, used 67633K [0x00000000e0000000, 0x0000000100000000, 0x0000000100000000)
  eden space 343040K, 0% used [0x00000000e0000000,0x00000000e0000000,0x00000000f4f00000)
  from space 83968K, 80% used [0x00000000fae00000,0x00000000ff00c428,0x0000000100000000)
  to   space 90624K, 0% used [0x00000000f4f00000,0x00000000f4f00000,0x00000000fa780000)
 ParOldGen       total 290304K, used 131633K [0x00000000a0000000, 0x00000000b1b80000, 0x00000000e0000000)
  object space 290304K, 45% used [0x00000000a0000000,0x00000000a808c430,0x00000000b1b80000)
 Metaspace       used 97983K, capacity 103846K, committed 104088K, reserved 1138688K
  class space    used 12929K, capacity 14184K, committed 14256K, reserved 1048576K
}
Event: 871.106 GC heap before
{Heap before GC invocations=27 (full 4):
 PSYoungGen      total 427008K, used 410673K [0x00000000e0000000, 0x0000000100000000, 0x0000000100000000)
  eden space 343040K, 100% used [0x00000000e0000000,0x00000000f4f00000,0x00000000f4f00000)
  from space 83968K, 80% used [0x00000000fae00000,0x00000000ff00c428,0x0000000100000000)
  to   space 90624K, 0% used [0x00000000f4f00000,0x00000000f4f00000,0x00000000fa780000)
 ParOldGen       total 290304K, used 131633K [0x00000000a0000000, 0x00000000b1b80000, 0x00000000e0000000)
  object space 290304K, 45% used [0x00000000a0000000,0x00000000a808c430,0x00000000b1b80000)
 Metaspace       used 101223K, capacity 107078K, committed 107416K, reserved 1142784K
  class space    used 13222K, capacity 14512K, committed 14512K, reserved 1048576K
Event: 871.218 GC heap after
Heap after GC invocations=27 (full 4):
 PSYoungGen      total 433664K, used 90616K [0x00000000e0000000, 0x0000000100000000, 0x0000000100000000)
  eden space 343040K, 0% used [0x00000000e0000000,0x00000000e0000000,0x00000000f4f00000)
  from space 90624K, 99% used [0x00000000f4f00000,0x00000000fa77e038,0x00000000fa780000)
  to   space 90624K, 0% used [0x00000000fa780000,0x00000000fa780000,0x0000000100000000)
 ParOldGen       total 290304K, used 185721K [0x00000000a0000000, 0x00000000b1b80000, 0x00000000e0000000)
  object space 290304K, 63% used [0x00000000a0000000,0x00000000ab55e680,0x00000000b1b80000)
 Metaspace       used 101223K, capacity 107078K, committed 107416K, reserved 1142784K
  class space    used 13222K, capacity 14512K, committed 14512K, reserved 1048576K
}
Event: 874.396 GC heap before
{Heap before GC invocations=28 (full 4):
 PSYoungGen      total 433664K, used 433656K [0x00000000e0000000, 0x0000000100000000, 0x0000000100000000)
  eden space 343040K, 100% used [0x00000000e0000000,0x00000000f4f00000,0x00000000f4f00000)
  from space 90624K, 99% used [0x00000000f4f00000,0x00000000fa77e038,0x00000000fa780000)
  to   space 90624K, 0% used [0x00000000fa780000,0x00000000fa780000,0x0000000100000000)
 ParOldGen       total 290304K, used 185721K [0x00000000a0000000, 0x00000000b1b80000, 0x00000000e0000000)
  object space 290304K, 63% used [0x00000000a0000000,0x00000000ab55e680,0x00000000b1b80000)
 Metaspace       used 109636K, capacity 116046K, committed 116120K, reserved 1148928K
  class space    used 14400K, capacity 15752K, committed 15792K, reserved 1048576K
Event: 874.655 GC heap after
Heap after GC invocations=28 (full 4):
 PSYoungGen      total 285184K, used 90606K [0x00000000e0000000, 0x0000000100000000, 0x0000000100000000)
  eden space 194560K, 0% used [0x00000000e0000000,0x00000000e0000000,0x00000000ebe00000)
  from space 90624K, 99% used [0x00000000fa780000,0x00000000ffffb848,0x0000000100000000)
  to   space 164864K, 0% used [0x00000000ebe00000,0x00000000ebe00000,0x00000000f5f00000)
 ParOldGen       total 290304K, used 273927K [0x00000000a0000000, 0x00000000b1b80000, 0x00000000e0000000)
  object space 290304K, 94% used [0x00000000a0000000,0x00000000b0b81f80,0x00000000b1b80000)
 Metaspace       used 109636K, capacity 116046K, committed 116120K, reserved 1148928K
  class space    used 14400K, capacity 15752K, committed 15792K, reserved 1048576K
}
Event: 874.655 GC heap before
{Heap before GC invocations=29 (full 5):
 PSYoungGen      total 285184K, used 90606K [0x00000000e0000000, 0x0000000100000000, 0x0000000100000000)
  eden space 194560K, 0% used [0x00000000e0000000,0x00000000e0000000,0x00000000ebe00000)
  from space 90624K, 99% used [0x00000000fa780000,0x00000000ffffb848,0x0000000100000000)
  to   space 164864K, 0% used [0x00000000ebe00000,0x00000000ebe00000,0x00000000f5f00000)
 ParOldGen       total 290304K, used 273927K [0x00000000a0000000, 0x00000000b1b80000, 0x00000000e0000000)
  object space 290304K, 94% used [0x00000000a0000000,0x00000000b0b81f80,0x00000000b1b80000)
 Metaspace       used 109636K, capacity 116046K, committed 116120K, reserved 1148928K
  class space    used 14400K, capacity 15752K, committed 15792K, reserved 1048576K

