# JRE version: OpenJDK Runtime Environment (8.0_242) (build 1.8.0_242-release-1644-b3-6222593)
# Java VM: OpenJDK 64-Bit Server VM (25.242-b3-6222593 mixed mode linux-amd64 compressed oops)
Heap:
 PSYoungGen      total 435712K, used 0K [0x00000000e0000000, 0x0000000100000000, 0x0000000100000000)
  eden space 347136K, 0% used [0x00000000e0000000,0x00000000e0000000,0x00000000f5300000)
  from space 88576K, 0% used [0x00000000f5300000,0x00000000f5300000,0x00000000fa980000)
  to   space 88576K, 0% used [0x00000000fa980000,0x00000000fa980000,0x0000000100000000)
 ParOldGen       total 429056K, used 358935K [0x00000000a0000000, 0x00000000ba300000, 0x00000000e0000000)
  object space 429056K, 83% used [0x00000000a0000000,0x00000000b5e85d88,0x00000000ba300000)
 Metaspace       used 127693K, capacity 133988K, committed 140288K, reserved 1171456K
  class space    used 15733K, capacity 17109K, committed 18176K, reserved 1048576K
GC Heap History (10 events):
Event: 1038.517 GC heap after
Heap after GC invocations=127 (full 6):
 PSYoungGen      total 472064K, used 34746K [0x00000000e0000000, 0x0000000100000000, 0x0000000100000000)
  eden space 437248K, 0% used [0x00000000e0000000,0x00000000e0000000,0x00000000fab00000)
  from space 34816K, 99% used [0x00000000fab00000,0x00000000fcceeac0,0x00000000fcd00000)
  to   space 45568K, 0% used [0x00000000fd380000,0x00000000fd380000,0x0000000100000000)
 ParOldGen       total 429056K, used 233852K [0x00000000a0000000, 0x00000000ba300000, 0x00000000e0000000)
  object space 429056K, 54% used [0x00000000a0000000,0x00000000ae45f230,0x00000000ba300000)
 Metaspace       used 126891K, capacity 133040K, committed 140288K, reserved 1171456K
  class space    used 15677K, capacity 17019K, committed 18176K, reserved 1048576K
}
Event: 1039.689 GC heap before
{Heap before GC invocations=128 (full 6):
 PSYoungGen      total 472064K, used 471994K [0x00000000e0000000, 0x0000000100000000, 0x0000000100000000)
  eden space 437248K, 100% used [0x00000000e0000000,0x00000000fab00000,0x00000000fab00000)
  from space 34816K, 99% used [0x00000000fab00000,0x00000000fcceeac0,0x00000000fcd00000)
  to   space 45568K, 0% used [0x00000000fd380000,0x00000000fd380000,0x0000000100000000)
 ParOldGen       total 429056K, used 233852K [0x00000000a0000000, 0x00000000ba300000, 0x00000000e0000000)
  object space 429056K, 54% used [0x00000000a0000000,0x00000000ae45f230,0x00000000ba300000)
 Metaspace       used 126972K, capacity 133124K, committed 140288K, reserved 1171456K
  class space    used 15677K, capacity 17019K, committed 18176K, reserved 1048576K
Event: 1039.747 GC heap after
Heap after GC invocations=128 (full 6):
 PSYoungGen      total 458240K, used 45565K [0x00000000e0000000, 0x0000000100000000, 0x0000000100000000)
  eden space 412672K, 0% used [0x00000000e0000000,0x00000000e0000000,0x00000000f9300000)
  from space 45568K, 99% used [0x00000000fd380000,0x00000000fffff418,0x0000000100000000)
  to   space 55808K, 0% used [0x00000000f9300000,0x00000000f9300000,0x00000000fc980000)
 ParOldGen       total 429056K, used 244524K [0x00000000a0000000, 0x00000000ba300000, 0x00000000e0000000)
  object space 429056K, 56% used [0x00000000a0000000,0x00000000aeecb380,0x00000000ba300000)
 Metaspace       used 126972K, capacity 133124K, committed 140288K, reserved 1171456K
  class space    used 15677K, capacity 17019K, committed 18176K, reserved 1048576K
}
Event: 1040.190 GC heap before
{Heap before GC invocations=129 (full 6):
 PSYoungGen      total 458240K, used 458237K [0x00000000e0000000, 0x0000000100000000, 0x0000000100000000)
  eden space 412672K, 100% used [0x00000000e0000000,0x00000000f9300000,0x00000000f9300000)
  from space 45568K, 99% used [0x00000000fd380000,0x00000000fffff418,0x0000000100000000)
  to   space 55808K, 0% used [0x00000000f9300000,0x00000000f9300000,0x00000000fc980000)
 ParOldGen       total 429056K, used 244524K [0x00000000a0000000, 0x00000000ba300000, 0x00000000e0000000)
  object space 429056K, 56% used [0x00000000a0000000,0x00000000aeecb380,0x00000000ba300000)
 Metaspace       used 127021K, capacity 133124K, committed 140288K, reserved 1171456K
  class space    used 15677K, capacity 17019K, committed 18176K, reserved 1048576K
Event: 1040.262 GC heap after
Heap after GC invocations=129 (full 6):
 PSYoungGen      total 455680K, used 42810K [0x00000000e0000000, 0x0000000100000000, 0x0000000100000000)
  eden space 412672K, 0% used [0x00000000e0000000,0x00000000e0000000,0x00000000f9300000)
  from space 43008K, 99% used [0x00000000f9300000,0x00000000fbcce850,0x00000000fbd00000)
  to   space 58880K, 0% used [0x00000000fc680000,0x00000000fc680000,0x0000000100000000)
 ParOldGen       total 429056K, used 244770K [0x00000000a0000000, 0x00000000ba300000, 0x00000000e0000000)
  object space 429056K, 57% used [0x00000000a0000000,0x00000000aef089d8,0x00000000ba300000)
 Metaspace       used 127021K, capacity 133124K, committed 140288K, reserved 1171456K
  class space    used 15677K, capacity 17019K, committed 18176K, reserved 1048576K
}
Event: 1043.140 GC heap before
{Heap before GC invocations=130 (full 6):
 PSYoungGen      total 455680K, used 455482K [0x00000000e0000000, 0x0000000100000000, 0x0000000100000000)
  eden space 412672K, 100% used [0x00000000e0000000,0x00000000f9300000,0x00000000f9300000)
  from space 43008K, 99% used [0x00000000f9300000,0x00000000fbcce850,0x00000000fbd00000)
  to   space 58880K, 0% used [0x00000000fc680000,0x00000000fc680000,0x0000000100000000)
 ParOldGen       total 429056K, used 244770K [0x00000000a0000000, 0x00000000ba300000, 0x00000000e0000000)
  object space 429056K, 57% used [0x00000000a0000000,0x00000000aef089d8,0x00000000ba300000)
 Metaspace       used 127268K, capacity 133418K, committed 140288K, reserved 1171456K
  class space    used 15702K, capacity 17062K, committed 18176K, reserved 1048576K
Event: 1043.242 GC heap after
Heap after GC invocations=130 (full 6):
 PSYoungGen      total 406016K, used 58860K [0x00000000e0000000, 0x0000000100000000, 0x0000000100000000)
  eden space 347136K, 0% used [0x00000000e0000000,0x00000000e0000000,0x00000000f5300000)
  from space 58880K, 99% used [0x00000000fc680000,0x00000000ffffb240,0x0000000100000000)
  to   space 88576K, 0% used [0x00000000f5300000,0x00000000f5300000,0x00000000fa980000)
 ParOldGen       total 429056K, used 303735K [0x00000000a0000000, 0x00000000ba300000, 0x00000000e0000000)
  object space 429056K, 70% used [0x00000000a0000000,0x00000000b289df10,0x00000000ba300000)
 Metaspace       used 127268K, capacity 133418K, committed 140288K, reserved 1171456K
  class space    used 15702K, capacity 17062K, committed 18176K, reserved 1048576K
}
Event: 1045.556 GC heap before
{Heap before GC invocations=131 (full 6):
 PSYoungGen      total 406016K, used 405996K [0x00000000e0000000, 0x0000000100000000, 0x0000000100000000)
  eden space 347136K, 100% used [0x00000000e0000000,0x00000000f5300000,0x00000000f5300000)
  from space 58880K, 99% used [0x00000000fc680000,0x00000000ffffb240,0x0000000100000000)
  to   space 88576K, 0% used [0x00000000f5300000,0x00000000f5300000,0x00000000fa980000)
 ParOldGen       total 429056K, used 303735K [0x00000000a0000000, 0x00000000ba300000, 0x00000000e0000000)
  object space 429056K, 70% used [0x00000000a0000000,0x00000000b289df10,0x00000000ba300000)
 Metaspace       used 127695K, capacity 133994K, committed 140288K, reserved 1171456K
  class space    used 15733K, capacity 17110K, committed 18176K, reserved 1048576K
Event: 1045.781 GC heap after
Heap after GC invocations=131 (full 6):
 PSYoungGen      total 435712K, used 88562K [0x00000000e0000000, 0x0000000100000000, 0x0000000100000000)
  eden space 347136K, 0% used [0x00000000e0000000,0x00000000e0000000,0x00000000f5300000)
  from space 88576K, 99% used [0x00000000f5300000,0x00000000fa97c9f0,0x00000000fa980000)
  to   space 88576K, 0% used [0x00000000fa980000,0x00000000fa980000,0x0000000100000000)
 ParOldGen       total 429056K, used 405661K [0x00000000a0000000, 0x00000000ba300000, 0x00000000e0000000)
  object space 429056K, 94% used [0x00000000a0000000,0x00000000b8c275a8,0x00000000ba300000)
 Metaspace       used 127695K, capacity 133994K, committed 140288K, reserved 1171456K
  class space    used 15733K, capacity 17110K, committed 18176K, reserved 1048576K
}
Event: 1045.782 GC heap before
{Heap before GC invocations=132 (full 7):
 PSYoungGen      total 435712K, used 88562K [0x00000000e0000000, 0x0000000100000000, 0x0000000100000000)
  eden space 347136K, 0% used [0x00000000e0000000,0x00000000e0000000,0x00000000f5300000)
  from space 88576K, 99% used [0x00000000f5300000,0x00000000fa97c9f0,0x00000000fa980000)
  to   space 88576K, 0% used [0x00000000fa980000,0x00000000fa980000,0x0000000100000000)
 ParOldGen       total 429056K, used 405661K [0x00000000a0000000, 0x00000000ba300000, 0x00000000e0000000)
  object space 429056K, 94% used [0x00000000a0000000,0x00000000b8c275a8,0x00000000ba300000)
 Metaspace       used 127695K, capacity 133994K, committed 140288K, reserved 1171456K
  class space    used 15733K, capacity 17110K, committed 18176K, reserved 1048576K

